<?xml version="1.0" encoding="UTF-8"?>
<!-- Generated by org.testng.reporters.JUnitReportReporter -->
<testsuite hostname="Prammathals-MacBook-Pro.local" failures="0" tests="2" name="com.qa.testcase.LoginPageTest" time="6.946" errors="0" timestamp="2021-03-09T17:12:27 IST" skipped="0">
  <testcase classname="com.qa.testcase.LoginPageTest" name="validateLoginSuccessTest" time="4.603"/>
  <system-out/>
  <testcase classname="com.qa.testcase.LoginPageTest" name="validateLoginFailureTest" time="2.343"/>
  <system-out/>
</testsuite> <!-- com.qa.testcase.LoginPageTest -->
